{"key": "1:1", "value": null}
{"key": "1:2", "value": null}
{"key": "1:3", "value": null}
{"key": "1:4", "value": null}
{"key": "1:5", "value": null}
{"key": "1:6", "value": null}
{"key": "1:7", "value": null}
{"key": "1:8", "value": [["8", "Streetname - Sesquicentennial"]]}
{"key": "1:9", "value": null}
{"key": "1:10", "value": null}
{"key": "1:11", "value": null}
{"key": "1:12", "value": null}
{"key": "1:13", "value": null}
{"key": "1:14", "value": null}
{"key": "1:15", "value": null}
{"key": "1:16", "value": null}
{"key": "1:17", "value": null}
{"key": "1:18", "value": [["18", "35 mph Speed Limit"]]}
{"key": "1:19", "value": [["19", "Stop"]]}
{"key": "1:20", "value": [["20", "Stop"]]}
{"key": "1:21", "value": [["21", "Stop"]]}
{"key": "1:22", "value": [["22", "Stop"]]}
{"key": "1:23", "value": [["23", "Stop"]]}
{"key": "1:24", "value": [["24", "Stop"]]}
{"key": "1:25", "value": [["25", "Stop"]]}
{"key": "1:26", "value": [["26", "Stop"]]}
{"key": "1:27", "value": [["27", "Stop"]]}
{"key": "1:28", "value": null}
{"key": "1:29", "value": [["29", "Stop"]]}
{"key": "1:30", "value": [["30", "Stop"]]}
{"key": "1:31", "value": [["31", "Stop"]]}
{"key": "1:32", "value": [["32", "Stop"]]}
{"key": "1:33", "value": [["33", "Stop"]]}
{"key": "1:34", "value": null}
{"key": "1:35", "value": null}
{"key": "1:36", "value": null}
{"key": "1:37", "value": null}
{"key": "1:38", "value": null}
{"key": "1:39", "value": null}
{"key": "1:40", "value": null}
{"key": "1:41", "value": null}
{"key": "1:42", "value": null}
{"key": "1:43", "value": null}
{"key": "1:44", "value": null}
{"key": "1:45", "value": null}
{"key": "1:46", "value": null}
{"key": "1:47", "value": null}
{"key": "1:48", "value": null}
{"key": "1:49", "value": null}
{"key": "1:50", "value": null}
{"key": "1:51", "value": null}
{"key": "1:52", "value": null}
{"key": "1:53", "value": null}
{"key": "1:54", "value": null}
{"key": "1:55", "value": null}
{"key": "1:56", "value": null}
{"key": "1:57", "value": null}
{"key": "1:58", "value": null}
{"key": "1:59", "value": null}
{"key": "1:60", "value": null}
{"key": "1:61", "value": null}
{"key": "1:62", "value": null}
{"key": "1:63", "value": null}
{"key": "1:64", "value": null}
{"key": "1:65", "value": null}
{"key": "1:66", "value": null}
{"key": "1:67", "value": null}
{"key": "1:68", "value": null}
{"key": "1:69", "value": null}
{"key": "1:70", "value": null}
{"key": "1:71", "value": null}
{"key": "1:72", "value": null}
{"key": "1:73", "value": null}
{"key": "1:74", "value": null}
{"key": "1:75", "value": null}
{"key": "1:76", "value": null}
{"key": "1:77", "value": null}
{"key": "1:78", "value": null}
{"key": "1:79", "value": null}
{"key": "1:80", "value": null}
{"key": "1:81", "value": null}
{"key": "1:82", "value": null}
{"key": "1:83", "value": null}
{"key": "1:84", "value": null}
{"key": "1:85", "value": null}
{"key": "1:86", "value": null}
{"key": "1:87", "value": null}
{"key": "1:88", "value": null}
{"key": "1:89", "value": null}
{"key": "1:90", "value": null}
{"key": "1:91", "value": null}
{"key": "1:92", "value": null}
{"key": "1:93", "value": [["94", "Stop"]]}
{"key": "1:94", "value": [["95", "Stop"]]}
{"key": "1:95", "value": [["96", "Stop"]]}
{"key": "1:96", "value": [["97", "Stop"]]}
{"key": "1:97", "value": [["98", "Stop"]]}
{"key": "1:98", "value": [["99", "Stop"]]}
{"key": "1:99", "value": null}
{"key": "1:100", "value": null}
{"key": "1:101", "value": [["102", "Stop"]]}
{"key": "1:102", "value": [["103", "Stop"]]}
{"key": "1:103", "value": [["104", "Stop"]]}
{"key": "1:104", "value": [["105", "Stop"]]}
{"key": "1:105", "value": [["106", "Stop"]]}
{"key": "1:106", "value": [["107", "Stop"]]}
{"key": "1:107", "value": [["108", "Stop"]]}
{"key": "1:108", "value": [["109", "Stop"]]}
{"key": "1:109", "value": [["110", "Stop"]]}
{"key": "1:110", "value": null}
{"key": "1:111", "value": [["112", "Stop"]]}
{"key": "1:112", "value": [["113", "Stop"]]}
{"key": "1:113", "value": [["114", "Stop"]]}
{"key": "1:114", "value": [["115", "Stop"]]}
{"key": "1:115", "value": [["116", "Stop"]]}
{"key": "1:116", "value": [["117", "Stop"]]}
{"key": "1:117", "value": [["118", "Stop"]]}
{"key": "1:118", "value": [["119", "Stop"]]}
{"key": "1:119", "value": null}
{"key": "1:120", "value": null}
{"key": "1:121", "value": null}
{"key": "1:122", "value": null}
{"key": "1:123", "value": null}
{"key": "1:124", "value": null}
{"key": "1:125", "value": null}
{"key": "1:126", "value": null}
{"key": "1:127", "value": null}
{"key": "1:128", "value": null}
{"key": "1:129", "value": null}
{"key": "1:130", "value": null}
{"key": "1:131", "value": null}
{"key": "1:132", "value": null}
{"key": "1:133", "value": null}
{"key": "1:134", "value": null}
{"key": "1:135", "value": null}
{"key": "1:136", "value": null}
{"key": "1:137", "value": null}
{"key": "1:138", "value": null}
{"key": "1:139", "value": null}
{"key": "1:140", "value": null}
{"key": "1:141", "value": null}
{"key": "1:142", "value": null}
{"key": "1:143", "value": null}
{"key": "1:144", "value": null}
{"key": "1:145", "value": null}
{"key": "1:146", "value": null}
{"key": "1:147", "value": null}
{"key": "1:148", "value": null}
{"key": "1:149", "value": [["150", "No Outlet"]]}
{"key": "1:150", "value": [["151", "No Outlet"]]}
{"key": "1:151", "value": null}
{"key": "1:152", "value": null}
{"key": "1:153", "value": null}
{"key": "1:154", "value": null}
{"key": "1:155", "value": null}
{"key": "1:156", "value": null}
{"key": "1:157", "value": null}
{"key": "1:158", "value": null}
{"key": "1:159", "value": null}
{"key": "1:160", "value": null}
{"key": "1:161", "value": null}
{"key": "1:162", "value": null}
{"key": "1:163", "value": null}
{"key": "1:164", "value": null}
{"key": "1:165", "value": null}
{"key": "1:166", "value": null}
{"key": "1:167", "value": [["170", "Stop"]]}
{"key": "1:168", "value": null}
{"key": "1:169", "value": null}
{"key": "1:170", "value": null}
{"key": "1:171", "value": null}
{"key": "1:172", "value": null}
{"key": "1:173", "value": null}
{"key": "1:174", "value": null}
{"key": "1:175", "value": null}
{"key": "1:176", "value": null}
{"key": "1:177", "value": null}
{"key": "1:178", "value": null}
{"key": "1:179", "value": null}
{"key": "1:180", "value": null}
{"key": "1:181", "value": null}
{"key": "1:182", "value": null}
{"key": "1:183", "value": null}
{"key": "1:184", "value": null}
{"key": "1:185", "value": null}
{"key": "1:186", "value": null}
{"key": "1:187", "value": null}
{"key": "1:188", "value": null}
{"key": "1:189", "value": null}
{"key": "1:190", "value": null}
{"key": "1:191", "value": null}
{"key": "1:192", "value": null}
{"key": "1:193", "value": null}
{"key": "1:194", "value": null}
{"key": "1:195", "value": null}
{"key": "1:196", "value": null}
{"key": "1:197", "value": null}
{"key": "1:198", "value": null}
{"key": "1:199", "value": null}
{"key": "1:200", "value": null}
{"key": "1:201", "value": null}
{"key": "1:202", "value": null}
{"key": "1:203", "value": null}
{"key": "1:204", "value": null}
{"key": "1:205", "value": null}
{"key": "1:206", "value": null}
{"key": "1:207", "value": null}
{"key": "1:208", "value": null}
{"key": "1:209", "value": null}
{"key": "1:210", "value": null}
{"key": "1:211", "value": null}
{"key": "1:212", "value": null}
{"key": "1:213", "value": null}
{"key": "1:214", "value": null}
{"key": "1:215", "value": null}
{"key": "1:216", "value": null}
{"key": "1:217", "value": null}
{"key": "1:218", "value": null}
{"key": "1:219", "value": null}
{"key": "1:220", "value": null}
{"key": "1:221", "value": null}
{"key": "1:222", "value": null}
{"key": "1:223", "value": null}
{"key": "1:224", "value": null}
{"key": "1:225", "value": null}
{"key": "1:226", "value": null}
{"key": "1:227", "value": null}
{"key": "1:228", "value": null}
{"key": "1:229", "value": null}
{"key": "1:230", "value": null}
{"key": "1:231", "value": null}
{"key": "1:232", "value": null}
{"key": "1:233", "value": null}
{"key": "1:234", "value": null}
{"key": "1:235", "value": null}
{"key": "1:236", "value": null}
{"key": "1:237", "value": null}
{"key": "1:238", "value": null}
{"key": "1:239", "value": [["242", "No Outlet"]]}
{"key": "1:240", "value": null}
{"key": "1:241", "value": [["244", "Stop"]]}
{"key": "1:242", "value": null}
{"key": "1:243", "value": [["246", "Stop"]]}
{"key": "1:244", "value": [["247", "Stop"]]}
{"key": "1:245", "value": [["248", "Stop"]]}
{"key": "1:246", "value": [["249", "Stop"]]}
{"key": "1:247", "value": [["250", "Stop"]]}
{"key": "1:248", "value": [["251", "Stop"]]}
{"key": "1:249", "value": null}
{"key": "1:250", "value": null}
{"key": "1:251", "value": null}
{"key": "1:252", "value": null}
{"key": "1:253", "value": null}
{"key": "1:254", "value": null}
{"key": "1:255", "value": null}
{"key": "1:256", "value": null}
{"key": "1:257", "value": [["260", "Streetname"]]}
{"key": "1:258", "value": null}
{"key": "1:259", "value": null}
{"key": "1:260", "value": null}
{"key": "1:261", "value": null}
{"key": "1:262", "value": null}
{"key": "1:263", "value": null}
{"key": "1:264", "value": null}
{"key": "1:265", "value": [["268", "Stop"]]}
{"key": "1:266", "value": null}
{"key": "1:267", "value": null}
{"key": "1:268", "value": null}
{"key": "1:269", "value": null}
{"key": "1:270", "value": null}
{"key": "1:271", "value": null}
{"key": "1:272", "value": null}
{"key": "1:273", "value": null}
{"key": "1:274", "value": null}
{"key": "1:275", "value": null}
{"key": "1:276", "value": null}
{"key": "1:277", "value": null}
{"key": "1:278", "value": null}
{"key": "1:279", "value": null}
{"key": "1:280", "value": null}
{"key": "1:281", "value": null}
{"key": "1:282", "value": null}
{"key": "1:283", "value": null}
{"key": "1:284", "value": null}
{"key": "1:285", "value": null}
{"key": "1:286", "value": null}
{"key": "1:287", "value": null}
{"key": "1:288", "value": null}
{"key": "1:289", "value": [["292", "Stop"]]}
{"key": "1:290", "value": [["293", "Stop"]]}
{"key": "1:291", "value": [["294", "Stop"]]}
{"key": "1:292", "value": [["295", "Stop"]]}
{"key": "1:293", "value": [["296", "Stop"]]}
{"key": "1:294", "value": [["297", "Stop"]]}
{"key": "1:295", "value": [["298", "Stop"]]}
{"key": "1:296", "value": [["299", "Stop"]]}
{"key": "1:297", "value": [["300", "Stop"]]}
{"key": "1:298", "value": [["301", "Stop"]]}
{"key": "1:299", "value": [["302", "Stop"]]}
{"key": "1:300", "value": [["303", "Stop"]]}
{"key": "1:301", "value": [["304", "Stop"]]}
{"key": "1:302", "value": [["305", "Stop"]]}
{"key": "1:303", "value": [["306", "Stop"]]}
{"key": "1:304", "value": [["307", "Stop"]]}
{"key": "1:305", "value": [["308", "Stop"]]}
{"key": "1:306", "value": [["309", "Stop"]]}
{"key": "1:307", "value": [["310", "Stop"]]}
{"key": "1:308", "value": [["311", "Stop"]]}
{"key": "1:309", "value": [["312", "Stop"]]}
{"key": "1:310", "value": [["313", "Stop"]]}
{"key": "1:311", "value": [["314", "Stop"]]}
{"key": "1:312", "value": null}
{"key": "1:313", "value": null}
{"key": "1:314", "value": null}
{"key": "1:315", "value": null}
{"key": "1:316", "value": null}
{"key": "1:317", "value": null}
{"key": "1:318", "value": null}
{"key": "1:319", "value": null}
{"key": "1:320", "value": null}
{"key": "1:321", "value": null}
{"key": "1:322", "value": null}
{"key": "1:323", "value": null}
{"key": "1:324", "value": null}
{"key": "1:325", "value": [["328", "Streetname"]]}
{"key": "1:326", "value": null}
{"key": "1:327", "value": null}
{"key": "1:328", "value": null}
{"key": "1:329", "value": null}
{"key": "1:330", "value": null}
{"key": "1:331", "value": null}
{"key": "1:332", "value": null}
{"key": "1:333", "value": null}
{"key": "1:334", "value": null}
{"key": "1:335", "value": null}
{"key": "1:336", "value": null}
{"key": "1:337", "value": null}
{"key": "1:338", "value": null}
{"key": "1:339", "value": null}
{"key": "1:340", "value": null}
{"key": "1:341", "value": null}
{"key": "1:342", "value": null}
{"key": "1:343", "value": null}
{"key": "1:344", "value": null}
{"key": "1:345", "value": null}
{"key": "1:346", "value": null}
{"key": "1:347", "value": null}
{"key": "1:348", "value": null}
{"key": "1:349", "value": null}
{"key": "1:350", "value": null}
{"key": "1:351", "value": null}
{"key": "1:352", "value": null}
{"key": "1:353", "value": null}
{"key": "1:354", "value": null}
{"key": "1:355", "value": null}
{"key": "1:356", "value": null}
{"key": "1:357", "value": null}
{"key": "1:358", "value": null}
{"key": "1:359", "value": null}
{"key": "1:360", "value": null}
{"key": "1:361", "value": null}
{"key": "1:362", "value": null}
{"key": "1:363", "value": [["368", "Streetname - Private"]]}
{"key": "1:364", "value": null}
{"key": "1:365", "value": null}
{"key": "1:366", "value": null}
{"key": "1:367", "value": null}
{"key": "1:368", "value": [["373", "Streetname"]]}
{"key": "1:369", "value": null}
{"key": "1:370", "value": null}
{"key": "1:371", "value": null}
{"key": "1:372", "value": null}
{"key": "1:373", "value": null}
{"key": "1:374", "value": null}
{"key": "1:375", "value": null}
{"key": "1:376", "value": null}
{"key": "1:377", "value": null}
{"key": "1:378", "value": [["383", "No Parking"]]}
{"key": "1:379", "value": [["384", "No Parking"]]}
{"key": "1:380", "value": [["385", "No Parking"]]}
{"key": "1:381", "value": null}
{"key": "1:382", "value": null}
{"key": "1:383", "value": null}
{"key": "1:384", "value": null}
{"key": "1:385", "value": null}
{"key": "1:386", "value": null}
{"key": "1:387", "value": null}
{"key": "1:388", "value": null}
{"key": "1:389", "value": null}
{"key": "1:390", "value": null}
{"key": "1:391", "value": null}
{"key": "1:392", "value": null}
{"key": "1:393", "value": null}
{"key": "1:394", "value": null}
{"key": "1:395", "value": null}
{"key": "1:396", "value": null}
{"key": "1:397", "value": null}
{"key": "1:398", "value": null}
{"key": "1:399", "value": null}
{"key": "1:400", "value": null}
{"key": "1:401", "value": null}
{"key": "1:402", "value": [["407", "Streetname"]]}
{"key": "1:403", "value": [["408", "Streetname"]]}
{"key": "1:404", "value": [["409", "Streetname"]]}
{"key": "1:405", "value": [["410", "Streetname"]]}
{"key": "1:406", "value": null}
{"key": "1:407", "value": [["412", "Streetname"]]}
{"key": "1:408", "value": null}
{"key": "1:409", "value": [["414", "Streetname"]]}
{"key": "1:410", "value": [["415", "Streetname"]]}
{"key": "1:411", "value": [["416", "Streetname"]]}
{"key": "1:412", "value": [["417", "Streetname"]]}
{"key": "1:413", "value": [["418", "Streetname"]]}
{"key": "1:414", "value": [["419", "Streetname]]}
{"key": "1:415", "value": null}
{"key": "1:416", "value": null}
{"key": "1:417", "value": [["422", "Streetname"]]}
{"key": "1:418", "value": [["423", "Streetname"]]}
{"key": "1:419", "value": [["424", "Streetname"]]}
{"key": "1:420", "value": [["425", "Streetname"]]}
{"key": "1:421", "value": null}
{"key": "1:422", "value": [["427", "Streetname"]]}
{"key": "1:423", "value": [["428", "Streetname"]]}
{"key": "1:424", "value": [["429", "Streetname"]]}
{"key": "1:425", "value": null}
{"key": "1:426", "value": [["431", "Streetname"]]}
{"key": "1:427", "value": [["432", "Streetname"]]}
{"key": "1:428", "value": [["433", "No Outlet"]]}
{"key": "1:429", "value": null}
{"key": "1:430", "value": null}
{"key": "1:431", "value": null}
{"key": "1:432", "value": null}
{"key": "1:433", "value": null}
{"key": "1:434", "value": null}
{"key": "1:435", "value": null}
{"key": "1:436", "value": null}
{"key": "1:437", "value": null}
{"key": "1:438", "value": null}
{"key": "1:439", "value": null}
{"key": "1:440", "value": null}
{"key": "1:441", "value": null}
{"key": "1:442", "value": null}
{"key": "1:443", "value": null}
{"key": "1:444", "value": null}
{"key": "1:445", "value": null}
{"key": "1:446", "value": null}
{"key": "1:447", "value": null}
{"key": "1:448", "value": null}
{"key": "1:449", "value": null}
{"key": "1:450", "value": null}
{"key": "1:451", "value": null}
{"key": "1:452", "value": null}
{"key": "1:453", "value": null}
{"key": "1:454", "value": null}
{"key": "1:455", "value": null}
{"key": "1:456", "value": null}
{"key": "1:457", "value": null}
{"key": "1:458", "value": null}
{"key": "1:459", "value": null}
{"key": "1:460", "value": null}
{"key": "1:461", "value": null}
{"key": "1:462", "value": null}
{"key": "1:463", "value": null}
{"key": "1:464", "value": null}
{"key": "1:465", "value": null}
{"key": "1:466", "value": null}
{"key": "1:467", "value": null}
{"key": "1:468", "value": null}
{"key": "1:469", "value": null}
{"key": "1:470", "value": null}
{"key": "1:471", "value": null}
{"key": "1:472", "value": null}
{"key": "1:473", "value": null}
{"key": "1:474", "value": null}
{"key": "1:475", "value": null}
{"key": "1:476", "value": null}
{"key": "1:477", "value": null}
{"key": "1:478", "value": null}
{"key": "1:479", "value": null}
{"key": "1:480", "value": null}
{"key": "1:481", "value": null}
{"key": "1:482", "value": null}
{"key": "1:483", "value": null}
{"key": "1:484", "value": null}
{"key": "1:485", "value": null}
{"key": "1:486", "value": null}
{"key": "1:487", "value": null}
{"key": "1:488", "value": null}
{"key": "1:489", "value": null}
{"key": "1:490", "value": null}
{"key": "1:491", "value": null}
{"key": "1:492", "value": null}
{"key": "1:493", "value": null}
{"key": "1:494", "value": null}
{"key": "1:495", "value": null}
{"key": "1:496", "value": null}
{"key": "1:497", "value": null}
{"key": "1:498", "value": null}
{"key": "1:499", "value": null}
{"key": "1:500", "value": null}
{"key": "1:501", "value": null}
{"key": "1:502", "value": null}
{"key": "1:503", "value": null}
{"key": "1:504", "value": null}
{"key": "1:505", "value": null}
{"key": "1:506", "value": null}
{"key": "1:507", "value": null}
{"key": "1:508", "value": null}
{"key": "1:509", "value": null}
{"key": "1:510", "value": null}
{"key": "1:511", "value": null}
{"key": "1:512", "value": null}
{"key": "1:513", "value": null}
{"key": "1:514", "value": null}
{"key": "1:515", "value": null}
{"key": "1:516", "value": null}
{"key": "1:517", "value": null}
{"key": "1:518", "value": null}
{"key": "1:519", "value": null}
{"key": "1:520", "value": null}
{"key": "1:521", "value": null}
{"key": "1:522", "value": null}
{"key": "1:523", "value": null}
{"key": "1:524", "value": null}
{"key": "1:525", "value": null}
{"key": "1:526", "value": [["532", "No Parking"]]}
{"key": "1:527", "value": [["533", "No Parking"]]}
{"key": "1:528", "value": [["534", "No Parking"]]}
{"key": "1:529", "value": [["535", "No Parking"]]}
{"key": "1:530", "value": [["536", "No Parking"]]}
{"key": "1:531", "value": [["537", "No Parking"]]}
{"key": "1:532", "value": [["538", "No Parking to Corner with Left Arrow"]]}
{"key": "1:533", "value": [["539", "No Parking Between Signs with Left Arrow"]]}
{"key": "1:534", "value": [["540", "2 hr Parking Time Limit"]]}
{"key": "1:535", "value": [["541", "No Parking"]]}
{"key": "1:536", "value": [["542", "No Parking"]]}
{"key": "1:537", "value": [["543", "No Parking"]]}
{"key": "1:538", "value": [["544", "No Parking"]]}
{"key": "1:539", "value": [["545", "No Parking"]]}
{"key": "1:540", "value": [["546", "No Parking"]]}
{"key": "1:541", "value": [["547", "No Parking"]]}
{"key": "1:542", "value": [["548", "No Parking"]]}
{"key": "1:543", "value": [["549", "No Parking"]]}
{"key": "1:544", "value": [["550", "No Parking"]]}
{"key": "1:545", "value": [["551", "No Parking"]]}
{"key": "1:546", "value": [["552", "No Parking"]]}
{"key": "1:547", "value": [["553", "No Parking"]]}
{"key": "1:548", "value": [["554", "No Parking"]]}
{"key": "1:549", "value": [["555", "No Parking"]]}
{"key": "1:550", "value": [["556", "No Parking"]]}
{"key": "1:551", "value": [["557", "No Parking to Corner"]]}
{"key": "1:552", "value": [["558", "No Parking to Corner"]]}
{"key": "1:553", "value": [["559", "No Parking to Corner"]]}
{"key": "1:554", "value": [["560", "No Parking to Corner"]]}
{"key": "1:555", "value": [["561", "No Parking to Corner"]]}
{"key": "1:556", "value": [["562", "No Parking to Corner"]]}
{"key": "1:557", "value": [["563", "No Parking to Corner"]]}
{"key": "1:558", "value": [["564", "No Parking to Corner"]]}
{"key": "1:559", "value": [["565", "No Parking to Corner"]]}
{"key": "1:560", "value": null}
{"key": "1:561", "value": [["567", "No Parking to Corner"]]}
{"key": "1:562", "value": [["568", "No Parking to Corner"]]}
{"key": "1:563", "value": [["569", "No Parking to Corner"]]}
{"key": "1:564", "value": null}
{"key": "1:565", "value": null}
{"key": "1:566", "value": [["572", "Stop"]]}
{"key": "1:567", "value": [["573", "Stop"]]}
{"key": "1:568", "value": null}
{"key": "1:569", "value": [["575", "Stop"]]}
{"key": "1:570", "value": null}
{"key": "1:571", "value": null}
{"key": "1:572", "value": null}
{"key": "1:573", "value": null}
{"key": "1:574", "value": null}
{"key": "1:575", "value": null}
{"key": "1:576", "value": null}
{"key": "1:577", "value": null}
{"key": "1:578", "value": null}
{"key": "1:579", "value": null}
{"key": "1:580", "value": null}
{"key": "1:581", "value": null}
{"key": "1:582", "value": null}
{"key": "1:583", "value": [["589", "Stop"]]}
{"key": "1:584", "value": [["590", "Stop"]]}
{"key": "1:585", "value": [["591", "Stop"]]}
{"key": "1:586", "value": [["592", "Stop"]]}
{"key": "1:587", "value": [["593", "Stop"]]}
{"key": "1:588", "value": [["594", "Stop"]]}
{"key": "1:589", "value": [["595", "Stop"]]}
{"key": "1:590", "value": [["596", "Stop"]]}
{"key": "1:591", "value": [["597", "Stop"]]}
N{"key": "1:592", "value": [["598", "Stop"]]}
{"key": "1:593", "value": [["599", "Stop"]]}
{"key": "1:594", "value": [["600", "Stop"]]}
{"key": "1:595", "value": [["601", "Stop"]]}
{"key": "1:596", "value": [["602", "Stop"]]}
{"key": "1:597", "value": [["603", "Stop"]]}
{"key": "1:598", "value": null}
{"key": "1:599", "value": null}
{"key": "1:600", "value": null}
{"key": "1:601", "value": null}
{"key": "1:602", "value": [["608", "Streetname"]]}
{"key": "1:603", "value": [["609", "Streetname"]]}
{"key": "1:604", "value": null}
{"key": "1:605", "value": null}
{"key": "1:606", "value": null}
{"key": "1:607", "value": null}
{"key": "1:608", "value": null}
{"key": "1:609", "value": null}
{"key": "1:610", "value": [["616", "Streetname"]]}
{"key": "1:611", "value": null}
{"key": "1:612", "value": [["618", "Streetname"]]}
{"key": "1:613", "value": [["619", "Streetname"]]}
{"key": "1:614", "value": null}
{"key": "1:615", "value": null}
{"key": "1:616", "value": null}
{"key": "1:617", "value": null}
{"key": "1:618", "value": null}
{"key": "1:619", "value": null}
{"key": "1:620", "value": null}
{"key": "1:621", "value": null}
{"key": "1:622", "value": null}
{"key": "1:623", "value": null}
{"key": "1:624", "value": null}
{"key": "1:625", "value": null}
{"key": "1:626", "value": null}
{"key": "1:627", "value": null}
{"key": "1:628", "value": null}
{"key": "1:629", "value": null}
{"key": "1:630", "value": null}
{"key": "1:631", "value": nll}
{"key": "1:632", "value": null}
{"key": "1:633", "value": null}
{"key": "1:634", "value": null}
{"key": "1:635", "value": null}
{"key": "1:636", "value": null}
{"key": "1:637", "value": null}
{"key": "1:638", "value": null}
{"key": "1:639", "value": null}
{"key": "1:640", "value": null}
{"key": "1:641", "value": null}
{"key": "1:642", "value": null}
{"key": "1:643", "value": null}
{"key": "1:644", "value": null}
{"key": "1:645", "value": null}
{"key": "1:646", "value": null}
{"key": "1:647", "value": null}
{"key": "1:648", "value": null}
{"key": "1:649", "value": null}
{"key": "1:650", "value": null}
{"key": "1:651", "value": null}
{"key": "1:652", "value": null}
{"key": "1:653", "value": null}
{"key": "1:654", "value": null}
{"key": "1:655", "value": null}
{"key": "1:656", "value": null}
{"key": "1:657", "value": null}
{"key": "1:658", "value": null}
{"key": "1:659", "value": null}
{"key": "1:660", "value": null}
{"key": "1:661", "value": null}
{"key": "1:662", "value": null}
{"key": "1:663", "value": null}
{"key": "1:664", "value": null}
{"key": "1:665", "value": null}
{"key": "1:666", "value": null}
{"key": "1:667", "value": null}
{"key": "1:668", "value": [["674", "Streetname"]]}
{"key": "1:669", "value": null}
{"key": "1:670", "value": null}
{"key": "1:671", "value": [["677", "Streetname"]]}
{"key": "1:672", "value": [["678", "Streetname"]]}
{"key": "1:673", "value": [["679", "No Outlet"]]}
{"key": "1:674", "value": null}
{"key": "1:675", "value": null}
{"key": "1:676", "value": null}
{"key": "1:677", "value": null}
{"key": "1:678", "value": null}
{"key": "1:679", "value": null}
{"key": "1:680", "value": null}
{"key": "1:681", "value": null}
{"key": "1:682", "value": null}
{"key": "1:683", "value": null}
{"key": "1:684", "value": null}
{"key": "1:685", "value": null}
{"key": "1:686", "value": null}
{"key": "1:687", "value": null}
{"key": "1:688", "value": null}
{"key": "1:689", "value": [["695", "No Outlet"]]}
{"key": "1:690", "value": null}
{"key": "1:691", "value": null}
{"key": "1:692", "value": [["698", "Stop"]]}
{"key": "1:693", "value": [["699", "Stop"]]}
{"key": "1:694", "value": [["700", "Stop"]]}
{"key": "1:695", "value": [["701", "Stop"]]}
{"key": "1:696", "value": [["702", "Stop"]]}
{"key": "1:697", "value": [["703", "Stop"]]}
{"key": "1:698", "value": [["704", "Stop"]]}
{"key": "1:699", "value": [["705", "Stop"]]}
{"key": "1:700", "value": [["706", "Stop"]]}
{"key": "1:701", "value": [["707", "Stop"]]}
{"key": "1:702", "value": null}
{"key": "1:703", "value": null}
{"key": "1:704", "value": null}
{"key": "1:705", "value": null}
{"key": "1:706", "value": null}
{"key": "1:707", "value": null}
{"key": "1:708", "value": null}
{"key": "1:709", "value": null}
{"key": "1:710", "value": null}
{"key": "1:711", "value": null}
{"key": "1:712", "value": null}
{"key": "1:713", "value": null}
{"key": "1:714", "value": null}
{"key": "1:715", "value": null}
{"key": "1:716", "value": null}
{"key": "1:717", "value": null}
{"key": "1:718", "value": null}
{"key": "1:719", "value": null}
{"key": "1:720", "value": null}
{"key": "1:721", "value": null}
{"key": "1:722", "value": null}
{"key": "1:723", "value": null}
{"key": "1:724", "value": null}
{"key": "1:725", "value": null}
{"key": "1:726", "value": null}
{"key": "1:727", "value": [["733", "No Trespassing"]]}
{"key": "1:728", "value": [["734", "Do Not Enter"]]}
{"key": "1:729", "value": null}
{"key": "1:730", "value": null}
{"key": "1:731", "value": null}
{"key": "1:732", "value": null}
{"key": "1:733", "value": null}
{"key": "1:734", "value": null}
{"key": "1:735", "value": [["744", "Do Not Enter"]]}
{"key": "1:736", "value": null}
{"key": "1:737", "value": null}
{"key": "1:738", "value": null}
{"key": "1:739", "value": [["748", "Double Headed Arrow"]]}
{"key": "1:740", "value": [["749", "Double Headed Arrow"]]}
{"key": "1:741", "value": null}
{"key": "1:742", "value": [["751", "Left Lane Must Turn Left"]]}
{"key": "1:743", "value": null}
{"key": "1:744", "value": [["753", "Lane Use -Right/Straight"]]}
{"key": "1:745", "value": [["754", "Left Lane Must Turn Left"]]}
{"key": "1:746", "value": null}
{"key": "1:747", "value": null}
{"key": "1:748", "value": null}
{"key": "1:749", "value": null}
{"key": "1:750", "value": null}
{"key": "1:751", "value": null}
{"key": "1:752", "value": null}
{"key": "1:753", "value": [["763", "Right Lane Must Turn Right"]]}
{"key": "1:754", "value": null}
{"key": "1:755", "value": null}
{"key": "1:756", "value": null}
{"key": "1:757", "value": null}
{"key": "1:758", "value": null}
{"key": "1:759", "value": null}
{"key": "1:760", "value": null}
{"key": "1:761", "value": null}
{"key": "1:762", "value": null}
{"key": "1:763", "value": null}
{"key": "1:764", "value": null}
{"key": "1:765", "value": null}
{"key": "1:766", "value": null}
{"key": "1:767", "value": null}
{"key": "1:768", "value": null}
{"key": "1:769", "value": null}
{"key": "1:770", "value": null}
{"key": "1:771", "value": null}
{"key": "1:772", "value": null}
{"key": "1:773", "value": [["783", "No Trespassing"]]}
{"key": "1:774", "value": null}
{"key": "1:775", "value": null}
{"key": "1:776", "value": null}
{"key": "1:777", "value": null}
{"key": "1:778", "value": [["788", "Wrong Way"]]}
{"key": "1:779", "value": null}
{"key": "1:780", "value": null}
{"key": "1:781", "value": null}
{"key": "1:782", "value": null}
{"key": "1:783", "value": null}
{"key": "1:784", "value": null}
{"key": "1:785", "value": null}
{"key": "1:786", "value": null}
{"key": "1:787", "value": null}
{"key": "1:788", "value": null}
{"key": "1:789", "value": null}
{"key": "1:790", "value": null}
{"key": "1:791", "value": [["805", "Stop Ahead"]]}
{"key": "1:792", "value": null}
{"key": "1:793", "value": null}
{"key": "1:794", "value": null}
{"key": "1:795", "value": null}
{"key": "1:796", "value": null}
{"key": "1:797", "value": [["813", "T Intersection"]]}
{"key": "1:798", "value": null}
{"key": "1:799", "value": [["820", "No Trucks"]]}
{"key": "1:800", "value": [["821", "No Trucks"]]}
{"key": "1:801", "value": null}
{"key": "1:802", "value": null}
{"key": "1:803", "value": null}
{"key": "1:804", "value": null}
{"key": "1:805", "value": null}
{"key": "1:806", "value": null}
{"key": "1:807", "value": null}
{"key": "1:808", "value": [["829", "No Right Turn"]]}
{"key": "1:809", "value": null}
{"key": "1:810", "value": null}
{"key": "1:811", "value": null}
{"key": "1:812", "value": null}
{"key": "1:813", "value": null}
{"key": "1:814", "value": null}
{"key": "1:815", "value": null}
{"key": "1:816", "value": [["838", "Yield"]]}
{"key": "1:817", "value": null}
{"key": "1:818", "value": null}
{"key": "1:819", "value": null}
{"key": "1:820", "value": null}
{"key": "1:821", "value": null}
{"key": "1:822", "value": null}
{"key": "1:823", "value": null}
{"key": "1:824", "value": null}
{"key": "1:825", "value": null}
{"key": "1:826", "value": null}
{"key": "1:827", "value": null}
{"key": "1:828", "value": null}
{"key": "1:829", "value": null}
{"key": "1:830", "value": null}
{"key": "1:831", "value": null}
{"key": "1:832", "value": null}
{"key": "1:833", "value": null}
{"key": "1:834", "value": null}
{"key": "1:835", "value": null}
{"key": "1:836", "value": null}
{"key": "1:837", "value": null}
{"key": "1:838", "value": null}
{"key": "1:839", "value": null}
{"key": "1:840", "value": null}
{"key": "1:841", "value": null}
{"key": "1:842", "value": null}
{"key": "1:843", "value": null}
{"key": "1:844", "value": null}
{"key": "1:845", "value": null}
{"key": "1:846", "value": null}
{"key": "1:847", "value": null}
{"key": "1:848", "value": [["870", "Merge Left"]]}
{"key": "1:849", "value": null}
{"key": "1:850", "value": [["872", "Wrong Way"]]}
{"key": "1:851", "value": [["873", "Wrong Way"]]}
{"key": "1:852", "value": [["874", "T Intersection"]]}
{"key": "1:853", "value": null}
{"key": "1:854", "value": null}
{"key": "1:855", "value": null}
{"key": "1:856", "value": [["879", "T Intersection"]]}
{"key": "1:857", "value": null}
{"key": "1:858", "value": null}
{"key": "1:859", "value": null}
{"key": "1:860", "value": null}
{"key": "1:861", "value": null}
{"key": "1:862", "value": [["885", "T Intersection"]]}
{"key": "1:863", "value": null}
{"key": "1:864", "value": null}
{"key": "1:865", "value": [["888", "T Intersection"]]}
{"key": "1:866", "value": [["889", "T Intersection"]]}
{"key": "1:867", "value": [["890", "T Intersection"]]}
{"key": "1:868", "value": null}
{"key": "1:869", "value": null}
{"key": "1:870", "value": null}
{"key": "1:871", "value": null}
{"key": "1:872", "value": null}
{"key": "1:873", "value": null}
{"key": "1:874", "value": null}
{"key": "1:875", "value": null}
{"key": "1:876", "value": null}
{"key": "1:877", "value": [["900", "Streetname - Honorary"]]}
{"key": "1:878", "value": null}
{"key": "1:879", "value": null}
{"key": "1:880", "value": null}
{"key": "1:881", "value": null}
{"key": "1:882", "value": null}
{"key": "1:883", "value": null}
{"key": "1:884", "value": null}
{"key": "1:885", "value": null}
{"key": "1:886", "value": null}
{"key": "1:887", "value": null}
{"key": "1:888", "value": null}
{"key": "1:889", "value": null}
{"key": "1:890", "value": null}
{"key": "1:891", "value": null}
{"key": "1:892", "value": null}
{"key": "1:893", "value": null}
{"key": "1:894", "value": [["917", "Neighborhood Watch"]]}
{"key": "1:895", "value": null}
{"key": "1:896", "value": [["919", "Neighborhood Watch"]]}
{"key": "1:897", "value": null}
{"key": "1:898", "value": null}
{"key": "1:899", "value": null}
{"key": "1:900", "value": [["923", "Neighborhood Watch"]]}
{"key": "1:901", "value": [["924", "Neighborhood Watch"]]}
{"key": "1:902", "value": null}
{"key": "1:903", "value": null}
{"key": "1:904", "value": [["927", "Neighborhood Watch"]]}
{"key": "1:905", "value": null}
{"key": "1:906", "value": null}
{"key": "1:907", "value": null}
{"key": "1:908", "value": [["931", "Neighborhood Watch"]]}
{"key": "1:909", "value": null}
{"key": "1:910", "value": null}
{"key": "1:911", "value": null}
{"key": "1:912", "value": null}
{"key": "1:913", "value": null}
{"key": "1:914", "value": null}
{"key": "1:915", "value": null}
{"key": "1:916", "value": null}
{"key": "1:917", "value": [["940", "Neighborhood Watch"]]}
{"key": "1:918", "value": null}
{"key": "1:919", "value": null}
{"key": "1:920", "value": null}
{"key": "1:921", "value": null}
{"key": "1:922", "value": null}
{"key": "1:923", "value": null}
{"key": "1:924", "value": [["947", "No Outlet"]]}
{"key": "1:925", "value": [["948", "No Outlet"]]}
{"key": "1:926", "value": null}
{"key": "1:927", "value": [["950", "No Outlet"]]}
{"key": "1:928", "value": [["951", "No Outlet"]]}
{"key": "1:929", "value": null}
{"key": "1:930", "value": [["953", "No Outlet"]]}
{"key": "1:931", "value": null}
{"key": "1:932", "value": [["955", "No Outlet"]]}
{"key": "1:933", "value": null}
{"key": "1:934", "value": [["957", "No Outlet"]]}
{"key": "1:935", "value": [["958", "No Outlet"]]}
{"key": "1:936", "value": [["959", "No Outlet"]]}
N